<?xml version="1.0" encoding="UTF-8"?>
<!-- Generated by org.testng.reporters.JUnitReportReporter -->
<testsuite hostname="DESKTOP-8UQG93Q" failures="0" tests="1" name="TestClass.VerifyLoginAndOrder" time="37.956" errors="0" timestamp="2022-05-31T00:12:20 IST" skipped="0">
  <testcase classname="TestClass.VerifyLoginAndOrder" name="AddItems" time="37.956"/>
  <system-out/>
</testsuite> <!-- TestClass.VerifyLoginAndOrder -->
